Mineflayer process has exited, restarting
Subprocess mineflayer started with PID 7581.
Server started on port 3000

[35mCurriculum Agent Question: How to mine 4 wood logs in Minecraft?[0m
[31mCurriculum Agent Answer: To mine 4 wood logs in Minecraft, locate a tree and break 4 log blocks by holding down the attack button (left-click by default) on each block until it breaks and drops a log. You can do this with your bare hands, but using an axe (especially a wooden one or better) will speed up the process.[0m
[35mStarting task Mine 4 wood logs for at most 4 times[0m
Mineflayer process has exited, restarting
Subprocess mineflayer started with PID 7672.
Server started on port 3000

[33mRender Action Agent system message with 0 skills[0m
[32m****Action Agent human message****
Code from the last round: No code in the first round

Execution error: No error

Chat log: None

Biome: jagged_peaks

Time: day

Nearby blocks: stone, snow_block, snow, coal_ore, iron_ore

Nearby entities (nearest to farthest): None

Health: 20.0/20

Hunger: 20.0/20

Position: x=4.5, y=169.0, z=-1.5

Equipment: [None, None, None, None, None, None]

Inventory (0/36): Empty

Chests: None

Task: Mine 4 wood logs

Context: Question: How to mine 4 wood logs in Minecraft?
Answer: To mine 4 wood logs in Minecraft, locate a tree and break 4 log blocks by holding down the attack button (left-click by default) on each block until it breaks and drops a log. You can do this with your bare hands, but using an axe (especially a wooden one or better) will speed up the process.

Critique: None

[0m
[34m****Action Agent ai message****
Explain: The bot is in a jagged_peaks biome with no trees nearby. To mine 4 wood logs, we need to find a tree. The provided `mineBlock` function requires a specific block name, so we must first identify the type of log available. We'll explore until we find any log block, then mine that type. We'll loop until we have 4 logs in inventory, exploring again if necessary.

Plan:
1) Define a helper function to count the total number of log items in the bot's inventory (any item whose name ends with "_log").
2) While the total log count is less than 4:
   a) Pick a random horizontal direction (e.g., (1,0,1), (-1,0,1), etc.) to explore.
   b) Use `exploreUntil` to search for any log block (block name ending with "_log") within 32 blocks, with a timeout of 60 seconds.
   c) If no log block is found, try another random direction.
   d) Once a log block is found, get its name (e.g., "oak_log").
   e) Calculate how many more logs are needed (4 - current count).
   f) Call `mineBlock(bot, logBlockName, needed)` to mine the required number of logs from nearby.
3) After the loop, the bot should have at least 4 wood logs.

Code:
```javascript
async function mineWoodLogs(bot) {
    // Helper to count total logs in inventory
    function countLogs() {
        let total = 0;
        for (const item of bot.inventory.items()) {
            if (item.name.endsWith('_log')) {
                total += item.count;
            }
        }
        return total;
    }

    // Possible exploration directions (horizontal)
    const directions = [
        new Vec3(1, 0, 1),
        new Vec3(-1, 0, 1),
        new Vec3(1, 0, -1),
        new Vec3(-1, 0, -1),
        new Vec3(1, 0, 0),
        new Vec3(-1, 0, 0),
        new Vec3(0, 0, 1),
        new Vec3(0, 0, -1)
    ];

    while (countLogs() < 4) {
        const needed = 4 - countLogs();
        bot.chat(`I need ${needed} more wood logs.`);

        // Pick a random direction
        const dir = directions[Math.floor(Math.random() * directions.length)];

        // Explore until a log block is found
        const logBlock = await exploreUntil(bot, dir, 60, () => {
            const block = bot.findBlock({
                matching: (block) => block.name.endsWith('_log'),
                maxDistance: 32,
            });
            return block;
        });

        if (!logBlock) {
            bot.chat("Could not find a log block in this direction, trying another.");
            continue;
        }

        const logName = logBlock.name;
        bot.chat(`Found ${logName}, mining ${needed} of them.`);
        await mineBlock(bot, logName, needed);
    }

    bot.chat(`I now have ${countLogs()} wood logs.`);
}
```[0m
[96m****Recorder message: 965 ticks have elapsed****[0m
[96m****Recorder message: 1 iteration passed****[0m
[31m****Critic Agent human message****
Biome: grove

Time: day

Nearby blocks: dirt, stone, snow_block, snow, spruce_leaves, coal_ore, spruce_log, emerald_ore

Health: 20.0/20

Hunger: 20.0/20

Position: x=0.4, y=175.0, z=-21.6

Equipment: [None, None, None, None, 'spruce_log', None]

Inventory (1/36): {'spruce_log': 4}

Chests: None

Task: Mine 4 wood logs

Context: Question: How to mine 4 wood logs in Minecraft?
Answer: To mine 4 wood logs in Minecraft, locate a tree and break 4 log blocks by holding down the attack button (left-click by default) on each block until it breaks and drops a log. You can do this with your bare hands, but using an axe (especially a wooden one or better) will speed up the process.

[0m
