Mineflayer process has exited, restarting
Subprocess mineflayer started with PID 8901.
Server started on port 3000

[35mCurriculum Agent Question: How to mine 4 wood logs in Minecraft?[0m
[31mCurriculum Agent Answer: To mine 4 wood logs in Minecraft, locate a tree and break 4 log blocks. Hold down the attack button (left-click on PC, or tap and hold on touch devices) on each log block until it breaks and drops a log item. Walk over the dropped logs to collect them. You can use your bare hands, but an axe will speed up the process.[0m
[35mStarting task Mine 4 wood logs for at most 4 times[0m
Mineflayer process has exited, restarting
Subprocess mineflayer started with PID 8977.
Server started on port 3000

[33mRender Action Agent system message with 0 skills[0m
[32m****Action Agent human message****
Code from the last round: No code in the first round

Execution error: No error

Chat log: None

Biome: jagged_peaks

Time: noon

Nearby blocks: stone, snow_block, snow, iron_ore, dirt, coal_ore

Nearby entities (nearest to farthest): None

Health: 20.0/20

Hunger: 20.0/20

Position: x=10.5, y=162.0, z=9.5

Equipment: [None, None, None, None, None, None]

Inventory (0/36): Empty

Chests: None

Task: Mine 4 wood logs

Context: Question: How to mine 4 wood logs in Minecraft?
Answer: To mine 4 wood logs in Minecraft, locate a tree and break 4 log blocks. Hold down the attack button (left-click on PC, or tap and hold on touch devices) on each log block until it breaks and drops a log item. Walk over the dropped logs to collect them. You can use your bare hands, but an axe will speed up the process.

Critique: None

[0m
[34m****Action Agent ai message****
Explain: The task is to mine 4 wood logs. The bot is in a jagged_peaks biome with no trees visible nearby. We need to explore to find a tree, then mine the logs. The plan uses exploreUntil with a random direction to locate any log block, then mineBlock to collect the required number of logs. We'll loop until we have 4 logs or exploration fails.

Plan:
1) Create a helper function `getRandomDirection()` that returns a random Vec3 with components -1, 0, or 1, excluding (0,0,0).
2) Create a helper function `isLogBlock(block)` that returns true if the block's name ends with "_log".
3) In the main function `mineWoodLogs`, initialize a variable `logsNeeded = 4`.
4) While `logsNeeded > 0`:
   a) Use `exploreUntil` with a random direction, maxTime 60, and a callback that finds any log block within 32 blocks using `bot.findBlock` with a matching function `isLogBlock`.
   b) If a log block is found, call `mineBlock(bot, block.name, logsNeeded)` to mine the remaining needed logs. Update `logsNeeded` by subtracting the number of logs actually collected (we can check inventory after mining).
   c) If no log block is found, break the loop.
5) After the loop, if `logsNeeded > 0`, chat that not enough logs were found.

Code:
```javascript
// helper functions
function getRandomDirection() {
    const directions = [
        new Vec3(1, 0, 0),
        new Vec3(-1, 0, 0),
        new Vec3(0, 0, 1),
        new Vec3(0, 0, -1),
        new Vec3(1, 0, 1),
        new Vec3(1, 0, -1),
        new Vec3(-1, 0, 1),
        new Vec3(-1, 0, -1),
        new Vec3(0, 1, 0),
        new Vec3(0, -1, 0),
        new Vec3(1, 1, 0),
        new Vec3(1, -1, 0),
        new Vec3(-1, 1, 0),
        new Vec3(-1, -1, 0),
        new Vec3(0, 1, 1),
        new Vec3(0, 1, -1),
        new Vec3(0, -1, 1),
        new Vec3(0, -1, -1),
        new Vec3(1, 1, 1),
        new Vec3(1, 1, -1),
        new Vec3(1, -1, 1),
        new Vec3(1, -1, -1),
        new Vec3(-1, 1, 1),
        new Vec3(-1, 1, -1),
        new Vec3(-1, -1, 1),
        new Vec3(-1, -1, -1)
    ];
    return directions[Math.floor(Math.random() * directions.length)];
}

function isLogBlock(block) {
    return block.name.endsWith("_log");
}

async function mineWoodLogs(bot) {
    let logsNeeded = 4;
    while (logsNeeded > 0) {
        bot.chat(`Looking for a tree, need ${logsNeeded} more logs.`);
        const direction = getRandomDirection();
        const logBlock = await exploreUntil(bot, direction, 60, () => {
            const block = bot.findBlock({
                matching: (b) => isLogBlock(b),
                maxDistance: 32,
            });
            return block;
        });
        if (!logBlock) {
            bot.chat("Could not find any trees nearby.");
            break;
        }
        bot.chat(`Found ${logBlock.name}, mining up to ${logsNeeded} logs.`);
        // Count logs before mining
        const logsBefore = bot.inventory.items().filter(item => item.name.endsWith("_log")).reduce((sum, item) => sum + item.count, 0);
        await mineBlock(bot, logBlock.name, logsNeeded);
        // Count logs after mining
        const logsAfter = bot.inventory.items().filter(item => item.name.endsWith("_log")).reduce((sum, item) => sum + item.count, 0);
        const collected = logsAfter - logsBefore;
        logsNeeded -= collected;
        bot.chat(`Collected ${collected} logs, still need ${logsNeeded}.`);
    }
    if (logsNeeded > 0) {
        bot.chat(`Failed to collect all 4 logs. Still need ${logsNeeded}.`);
    } else {
        bot.chat("Successfully collected 4 wood logs.");
    }
}
```

Note: The `exploreUntil` function is assumed to be defined globally as per the provided code. We'll use it. The `mineBlock` function is also defined. We'll use them. The code is inside an async function. We'll output as required.</think>Explain: The task is to mine 4 wood logs. The bot is in a jagged_peaks biome with no trees visible nearby. We need to explore to find a tree, then mine the logs. The plan uses exploreUntil with a random direction to locate any log block, then mineBlock to collect the required number of logs. We'll loop until we have 4 logs or exploration fails.

Plan:
1) Create a helper function `getRandomDirection()` that returns a random Vec3 with components -1, 0, or 1, excluding (0,0,0).
2) Create a helper function `isLogBlock(block)` that returns true if the block's name ends with "_log".
3) In the main function `mineWoodLogs`, initialize a variable `logsNeeded = 4`.
4) While `logsNeeded > 0`:
   a) Use `exploreUntil` with a random direction, maxTime 60, and a callback that finds any log block within 32 blocks using `bot.findBlock` with a matching function `isLogBlock`.
   b) If a log block is found, call `mineBlock(bot, block.name, logsNeeded)` to mine the remaining needed logs. Update `logsNeeded` by subtracting the number of logs actually collected (we can check inventory after mining).
   c) If no log block is found, break the loop.
5) After the loop, if `logsNeeded > 0`, chat that not enough logs were found.

Code:
```javascript
// helper functions
function getRandomDirection() {
    const directions = [
        new Vec3(1, 0, 0),
        new Vec3(-1, 0, 0),
        new Vec3(0, 0, 1),
        new Vec3(0, 0, -1),
        new Vec3(1, 0, 1),
        new Vec3(1, 0, -1),
        new Vec3(-1, 0, 1),
        new Vec3(-1, 0, -1),
        new Vec3(0, 1, 0),
        new Vec3(0, -1, 0),
        new Vec3(1, 1, 0),
        new Vec3(1, -1, 0),
        new Vec3(-1, 1, 0),
        new Vec3(-1, -1, 0),
        new Vec3(0, 1, 1),
        new Vec3(0, 1, -1),
        new Vec3(0, -1, 1),
        new Vec3(0, -1, -1),
        new Vec3(1, 1, 1),
        new Vec3(1, 1, -1),
        new Vec3(1, -1, 1),
        new Vec3(1, -1, -1),
        new Vec3(-1, 1, 1),
        new Vec3(-1, 1, -1),
        new Vec3(-1, -1, 1),
        new Vec3(-1, -1, -1)
    ];
    return directions[Math.floor(Math.random() * directions.length)];
}

function isLogBlock(block) {
    return block.name.endsWith("_log");
}

async function mineWoodLogs(bot) {
    let logsNeeded = 4;
    while (logsNeeded > 0) {
        bot.chat(`Looking for a tree, need ${logsNeeded} more logs.`);
        const direction = getRandomDirection();
        const logBlock = await exploreUntil(bot, direction, 60, () => {
            const block = bot.findBlock({
                matching: (b) => isLogBlock(b),
                maxDistance: 32,
            });
            return block;
        });
        if (!logBlock) {
            bot.chat("Could not find any trees nearby.");
            break;
        }
        bot.chat(`Found ${logBlock.name}, mining up to ${logsNeeded} logs.`);
        // Count logs before mining
        const logsBefore = bot.inventory.items().filter(item => item.name.endsWith("_log")).reduce((sum, item) => sum + item.count, 0);
        await mineBlock(bot, logBlock.name, logsNeeded);
        // Count logs after mining
        const logsAfter = bot.inventory.items().filter(item => item.name.endsWith("_log")).reduce((sum, item) => sum + item.count, 0);
        const collected = logsAfter - logsBefore;
        logsNeeded -= collected;
        bot.chat(`Collected ${collected} logs, still need ${logsNeeded}.`);
    }
    if (logsNeeded > 0) {
        bot.chat(`Failed to collect all 4 logs. Still need ${logsNeeded}.`);
    } else {
        bot.chat("Successfully collected 4 wood logs.");
    }
}
```[0m
[35mFailed to complete task Mine 4 wood logs. Skipping to next task.[0m
[35mCompleted tasks: [0m
[35mFailed tasks: Mine 4 wood logs[0m
[35mStarting task Mine 4 wood logs for at most 4 times[0m
Mineflayer process has exited, restarting
Subprocess mineflayer started with PID 9038.
Server started on port 3000

[33mRender Action Agent system message with 0 skills[0m
[32m****Action Agent human message****
Code from the last round: No code in the first round

Execution error: No error

Chat log: None

Biome: jagged_peaks

Time: noon

Nearby blocks: stone, snow_block, snow, iron_ore, dirt, coal_ore

Nearby entities (nearest to farthest): None

Health: 20.0/20

Hunger: 20.0/20

Position: x=10.5, y=162.0, z=9.5

Equipment: [None, None, None, None, None, None]

Inventory (0/36): Empty

Chests: None

Task: Mine 4 wood logs

Context: Question: How to mine 4 wood logs in Minecraft?
Answer: To mine 4 wood logs in Minecraft, locate a tree and break 4 log blocks. Hold down the attack button (left-click on PC, or tap and hold on touch devices) on each log block until it breaks and drops a log item. Walk over the dropped logs to collect them. You can use your bare hands, but an axe will speed up the process.

Critique: None

[0m
[34m****Action Agent ai message****
Explain: The bot is in a jagged_peaks biome with no trees nearby. It needs to find a tree and mine 4 wood logs. The provided functions `exploreUntil` and `mineBlock` can be used. We'll explore randomly until we find any log block, then mine 4 of that type.

Plan:
1) Define a helper to generate a random direction vector (components -1, 0, or 1, not all zero).
2) Use `exploreUntil` with that random direction, maxTime 120 seconds, callback that finds any block whose name ends with "_log" within 32 blocks.
3) If a log block is found, get its name.
4) Use `mineBlock(bot, logName, 4)` to collect 4 logs.
5) If no log found after timeout, try again with a new random direction up to 3 attempts.

Code:
```javascript
async function mineWoodLogs(bot) {
    // Helper to get a random direction vector
    function randomDirection() {
        const choices = [-1, 0, 1];
        let x, y, z;
        do {
            x = choices[Math.floor(Math.random() * choices.length)];
            y = choices[Math.floor(Math.random() * choices.length)];
            z = choices[Math.floor(Math.random() * choices.length)];
        } while (x === 0 && y === 0 && z === 0);
        return new Vec3(x, y, z);
    }

    // Try up to 3 times with different random directions
    for (let attempt = 0; attempt < 3; attempt++) {
        const direction = randomDirection();
        bot.chat(`Exploring direction ${direction} to find a tree...`);
        const logBlock = await exploreUntil(bot, direction, 120, () => {
            const block = bot.findBlock({
                matching: (block) => block.name.endsWith("_log"),
                maxDistance: 32,
            });
            return block;
        });
        if (logBlock) {
            bot.chat(`Found ${logBlock.name}, mining 4 logs.`);
            await mineBlock(bot, logBlock.name, 4);
            bot.chat("Successfully mined 4 wood logs.");
            return;
        }
        bot.chat("No tree found in this direction, trying another...");
    }
    bot.chat("Failed to find any tree after 3 attempts.");
}
```

That should work.</think>Explain: The bot is in a jagged_peaks biome with no trees nearby. It needs to find a tree and mine 4 wood logs. The provided functions `exploreUntil` and `mineBlock` can be used. We'll explore randomly until we find any log block, then mine 4 of that type.

Plan:
1) Define a helper to generate a random direction vector (components -1, 0, or 1, not all zero).
2) Use `exploreUntil` with that random direction, maxTime 120 seconds, callback that finds any block whose name ends with "_log" within 32 blocks.
3) If a log block is found, get its name.
4) Use `mineBlock(bot, logName, 4)` to collect 4 logs.
5) If no log found after timeout, try again with a new random direction up to 3 attempts.

Code:
```javascript
async function mineWoodLogs(bot) {
    // Helper to get a random direction vector
    function randomDirection() {
        const choices = [-1, 0, 1];
        let x, y, z;
        do {
            x = choices[Math.floor(Math.random() * choices.length)];
            y = choices[Math.floor(Math.random() * choices.length)];
            z = choices[Math.floor(Math.random() * choices.length)];
        } while (x === 0 && y === 0 && z === 0);
        return new Vec3(x, y, z);
    }

    // Try up to 3 times with different random directions
    for (let attempt = 0; attempt < 3; attempt++) {
        const direction = randomDirection();
        bot.chat(`Exploring direction ${direction} to find a tree...`);
        const logBlock = await exploreUntil(bot, direction, 120, () => {
            const block = bot.findBlock({
                matching: (block) => block.name.endsWith("_log"),
                maxDistance: 32,
            });
            return block;
        });
        if (logBlock) {
            bot.chat(`Found ${logBlock.name}, mining 4 logs.`);
            await mineBlock(bot, logBlock.name, 4);
            bot.chat("Successfully mined 4 wood logs.");
            return;
        }
        bot.chat("No tree found in this direction, trying another...");
    }
    bot.chat("Failed to find any tree after 3 attempts.");
}
```[0m
[35mFailed to complete task Mine 4 wood logs. Skipping to next task.[0m
[35mCompleted tasks: [0m
[35mFailed tasks: Mine 4 wood logs, Mine 4 wood logs[0m
[35mStarting task Mine 4 wood logs for at most 4 times[0m
Mineflayer process has exited, restarting
Subprocess mineflayer started with PID 9079.
Server started on port 3000

[33mRender Action Agent system message with 0 skills[0m
[32m****Action Agent human message****
Code from the last round: No code in the first round

Execution error: No error

Chat log: None

Biome: jagged_peaks

Time: noon

Nearby blocks: stone, snow_block, snow, iron_ore, dirt, coal_ore

Nearby entities (nearest to farthest): None

Health: 20.0/20

Hunger: 20.0/20

Position: x=10.5, y=162.0, z=9.5

Equipment: [None, None, None, None, None, None]

Inventory (0/36): Empty

Chests: None

Task: Mine 4 wood logs

Context: Question: How to mine 4 wood logs in Minecraft?
Answer: To mine 4 wood logs in Minecraft, locate a tree and break 4 log blocks. Hold down the attack button (left-click on PC, or tap and hold on touch devices) on each log block until it breaks and drops a log item. Walk over the dropped logs to collect them. You can use your bare hands, but an axe will speed up the process.

Critique: None

[0m
[34m****Action Agent ai message****
Explain: The bot is in a jagged_peaks biome with no trees nearby. To mine 4 wood logs, we need to find a tree. We'll explore until we locate any log block, then mine 4 of that type using the provided `mineBlock` function. The `exploreUntil` function must be implemented since only its signature was given.

Plan:
1) Implement `exploreUntil` to move in a random direction, periodically checking a callback for a log block.
2) Use `exploreUntil` with a callback that finds any block whose name ends with "_log" within 32 blocks.
3) Once a log is found, get its name and use `mineBlock` to collect 4 logs.
4) If no log is found within 120 seconds, chat a failure message.

Code:
```javascript
// Helper function: exploreUntil
async function exploreUntil(bot, direction, maxTime = 60, callback) {
    const startTime = Date.now();
    const stepDistance = 10;
    while (Date.now() - startTime < maxTime * 1000) {
        // Check callback
        const result = callback();
        if (result) return result;

        // Move in the given direction
        const target = bot.entity.position.offset(
            direction.x * stepDistance,
            direction.y * stepDistance,
            direction.z * stepDistance
        );
        try {
            await bot.pathfinder.goto(new GoalNear(target.x, target.y, target.z, 1));
        } catch (err) {
            // If pathfinding fails, try a different offset
            const altTarget = bot.entity.position.offset(
                direction.x * stepDistance * -1,
                direction.y * stepDistance,
                direction.z * stepDistance * -1
            );
            await bot.pathfinder.goto(new GoalNear(altTarget.x, altTarget.y, altTarget.z, 1));
        }

        // Wait a bit before next check
        await bot.waitForTicks(20);
    }
    return null;
}

// Helper function: mineBlock (as provided)
async function mineBlock(bot, name, count = 1) {
    const blocks = bot.findBlocks({
        matching: (block) => {
            return block.name === name;
        },
        maxDistance: 32,
        count: count,
    });
    const targets = [];
    for (let i = 0; i < Math.min(blocks.length, count); i++) {
        targets.push(bot.blockAt(blocks[i]));
    }
    await bot.collectBlock.collect(targets, { ignoreNoPath: true });
}

// Main function
async function mineFourWoodLogs(bot) {
    bot.chat("Exploring to find a tree...");
    const logBlock = await exploreUntil(bot, new Vec3(1, 0, 1), 120, () => {
        const block = bot.findBlock({
            matching: (block) => block.name.endsWith("_log"),
            maxDistance: 32,
        });
        return block;
    });

    if (!logBlock) {
        bot.chat("Could not find any wood logs nearby.");
        return;
    }

    const logName = logBlock.name;
    bot.chat(`Found ${logName}, mining 4 logs...`);
    await mineBlock(bot, logName, 4);
    bot.chat("Successfully mined 4 wood logs.");
}
```[0m
[96m****Recorder message: 431 ticks have elapsed****[0m
[96m****Recorder message: 3 iteration passed****[0m
[31m****Critic Agent human message****
Biome: grove

Time: noon

Nearby blocks: stone, snow_block, snow, iron_ore, dirt, coal_ore, emerald_ore, spruce_leaves, spruce_log, powder_snow

Health: 20.0/20

Hunger: 20.0/20

Position: x=25.5, y=164.0, z=8.7

Equipment: [None, None, None, None, 'spruce_log', None]

Inventory (1/36): {'spruce_log': 4}

Chests: None

Task: Mine 4 wood logs

Context: Question: How to mine 4 wood logs in Minecraft?
Answer: To mine 4 wood logs in Minecraft, locate a tree and break 4 log blocks. Hold down the attack button (left-click on PC, or tap and hold on touch devices) on each log block until it breaks and drops a log item. Walk over the dropped logs to collect them. You can use your bare hands, but an axe will speed up the process.

[0m
[31m****Critic Agent ai message****
{
    "reasoning": "You need to mine 4 wood logs. Your inventory contains 4 spruce logs, which are wood logs. This meets the requirement.",
    "success": true,
    "critique": ""
}[0m
[35mCompleted task Mine 4 wood logs.[0m
[35mCompleted tasks: Mine 4 wood logs[0m
[35mFailed tasks: [0m
[35mCurriculum Agent Question: How to craft a crafting table in Minecraft?[0m
[31mCurriculum Agent Answer: To craft a crafting table, open your inventory crafting grid (2x2) and place 4 wooden planks (any type) in all four slots. This yields a crafting table.[0m
[35mStarting task Craft a crafting table for at most 4 times[0m
Mineflayer process has exited, restarting
Subprocess mineflayer started with PID 9150.
Server started on port 3000

[33mRender Action Agent system message with 0 skills[0m
[32m****Action Agent human message****
Code from the last round: No code in the first round

Execution error: No error

Chat log: None

Biome: grove

Time: noon

Nearby blocks: stone, snow_block, snow, spruce_leaves, spruce_log, dirt, powder_snow, coal_ore

Nearby entities (nearest to farthest): None

Health: 20.0/20

Hunger: 20.0/20

Position: x=25.5, y=166.0, z=14.7

Equipment: [None, None, None, None, 'spruce_log', None]

Inventory (2/36): {'spruce_log': 7, 'spruce_sapling': 1}

Chests: None

Task: Craft a crafting table

Context: Question: How to craft a crafting table in Minecraft?
Answer: To craft a crafting table, open your inventory crafting grid (2x2) and place 4 wooden planks (any type) in all four slots. This yields a crafting table.

Critique: None

[0m
[34m****Action Agent ai message****
Explain: The bot needs to craft a crafting table. The provided `craftItem` function requires a placed crafting table, but we don't have one yet. We must use the 2×2 inventory crafting grid. The bot has spruce logs, so we can craft planks first, then the crafting table. We'll use `bot.craft` directly for these steps since no provided helper covers inventory-only crafting.

Plan:
1) Verify we have at least 1 spruce log (we have 7).
2) Craft 4 spruce planks from 1 spruce log using the inventory crafting grid.
3) Craft 1 crafting table from the 4 spruce planks using the inventory crafting grid.
4) Announce completion via chat.

Code:
```javascript
async function craftCraftingTable(bot) {
    // Check if we already have a crafting table
    const craftingTableItem = mcData.itemsByName["crafting_table"];
    const existing = bot.inventory.findInventoryItem(craftingTableItem.id);
    if (existing) {
        bot.chat("Already have a crafting table.");
        return;
    }

    // Ensure we have spruce logs
    const spruceLogItem = mcData.itemsByName["spruce_log"];
    const logs = bot.inventory.findInventoryItem(spruceLogItem.id);
    if (!logs || logs.count < 1) {
        bot.chat("Not enough spruce logs. Need at least 1.");
        // In a real scenario we would collect logs, but we have 7.
        return;
    }

    // Craft spruce planks (1 log -> 4 planks)
    bot.chat("Crafting spruce planks...");
    const planksRecipe = bot.recipesFor(mcData.itemsByName["spruce_planks"].id, null, 1, null)[0];
    await bot.craft(planksRecipe, 1, null);
    bot.chat("Crafted spruce planks.");

    // Craft crafting table
    bot.chat("Crafting crafting table...");
    const tableRecipe = bot.recipesFor(craftingTableItem.id, null, 1, null)[0];
    await bot.craft(tableRecipe, 1, null);
    bot.chat("Crafted a crafting table.");
}
```[0m
[96m****Recorder message: 471 ticks have elapsed****[0m
[96m****Recorder message: 4 iteration passed****[0m
[31m****Critic Agent human message****
Biome: grove

Time: noon

Nearby blocks: stone, snow_block, snow, spruce_leaves, spruce_log, dirt, powder_snow, coal_ore

Health: 20.0/20

Hunger: 20.0/20

Position: x=25.5, y=166.0, z=14.7

Equipment: [None, None, None, None, None, None]

Inventory (3/36): {'spruce_log': 6, 'crafting_table': 1, 'spruce_sapling': 1}

Chests: None

Task: Craft a crafting table

Context: Question: How to craft a crafting table in Minecraft?
Answer: To craft a crafting table, open your inventory crafting grid (2x2) and place 4 wooden planks (any type) in all four slots. This yields a crafting table.

[0m
[31m****Critic Agent ai message****
{
    "reasoning": "The inventory contains a crafting_table, which means the player has successfully crafted a crafting table.",
    "success": true,
    "critique": ""
}[0m
[35mCompleted task Craft a crafting table.[0m
[35mCompleted tasks: Mine 4 wood logs, Craft a crafting table[0m
[35mFailed tasks: [0m
